0 info it worked if it ends with ok
1 verbose cli [ '/home/tonyo/.n/bin/node',
1 verbose cli   '/home/tonyo/.n/bin/npm',
1 verbose cli   'publish' ]
2 info using npm@2.14.7
3 info using node@v4.2.2
4 verbose publish [ '.' ]
5 silly cache add args [ '.', null ]
6 verbose cache add spec .
7 silly cache add parsed spec Result {
7 silly cache add   raw: '.',
7 silly cache add   scope: null,
7 silly cache add   name: null,
7 silly cache add   rawSpec: '.',
7 silly cache add   spec: '/home/tonyo/Github/sassolj',
7 silly cache add   type: 'directory' }
8 verbose addLocalDirectory /home/tonyo/.npm/sassolj/2.0.1/package.tgz not in flight; packing
9 verbose tar pack [ '/home/tonyo/.npm/sassolj/2.0.1/package.tgz',
9 verbose tar pack   '/home/tonyo/Github/sassolj' ]
10 verbose tarball /home/tonyo/.npm/sassolj/2.0.1/package.tgz
11 verbose folder /home/tonyo/Github/sassolj
12 info prepublish sassolj@2.0.1
13 verbose unsafe-perm in lifecycle true
14 verbose addLocalTarball adding from inside cache /home/tonyo/.npm/sassolj/2.0.1/package.tgz
15 silly cache afterAdd sassolj@2.0.1
16 verbose afterAdd /home/tonyo/.npm/sassolj/2.0.1/package/package.json not in flight; writing
17 verbose afterAdd /home/tonyo/.npm/sassolj/2.0.1/package/package.json written
18 silly publish { name: 'sassolj',
18 silly publish   version: '2.0.1',
18 silly publish   description: 'Require scss files in Browserify and Nodejs',
18 silly publish   repository: { type: 'git', url: 'https://github.com/tamascsaba/sassolj' },
18 silly publish   main: './lib/index.js',
18 silly publish   typings: './lib/index.d.ts',
18 silly publish   bugs: { url: 'https://github.com/tamascsaba/sassolj/issues' },
18 silly publish   homepage: 'https://github.com/tamascsaba/sassolj',
18 silly publish   readmeFilename: 'README.md',
18 silly publish   scripts:
18 silly publish    { prepublish: 'npm run test',
18 silly publish      build: 'tsc && babel lib --out-dir lib',
18 silly publish      dev: 'tsc -w & babel --watch lib --out-dir lib',
18 silly publish      test: 'npm run build && node ./tests' },
18 silly publish   keywords:
18 silly publish    [ 'browserify',
18 silly publish      'nodejs',
18 silly publish      'require',
18 silly publish      'sass',
18 silly publish      'scss',
18 silly publish      'browserify transform' ],
18 silly publish   author: { name: 'Csaba Tamás' },
18 silly publish   license: 'MIT',
18 silly publish   devDependencies:
18 silly publish    { 'babel-core': '^6.2.1',
18 silly publish      'babel-cli': '^6.2.0',
18 silly publish      'babel-plugin-add-module-exports': '^0.1.1',
18 silly publish      'babel-preset-es2015': '^6.1.18',
18 silly publish      tsc: '^1.20150623.0',
18 silly publish      typescript: '^1.6.2' },
18 silly publish   dependencies:
18 silly publish    { 'browserify-transform-tools': '^1.5.0',
18 silly publish      'lodash.assign': '^3.2.0',
18 silly publish      'lodash.omit': '^3.1.0',
18 silly publish      'node-sass': '^3.3.3',
18 silly publish      postcss: '^4.1.11',
18 silly publish      resolve: '^1.1.6' },
18 silly publish   readme: '# sassolj #\n\nRequire [Sass](http://sass-lang.com) files in browserify and Node.js\n\nInstall sassolj:\n\n```\n$ npm i sassolj\n```\n\n## Browserify\nThe default settings are listed below. They may be overridden though the CLI, package.json (`sassolj` property)\nor though the API options.\n\nIn order for PostCSS plugins to be used, they must be installed in your projects `package.json`\n\n``` js\n  var browserify = require(\'browserify\');\n  var sassolj = require(\'sassolj\');\n  browserify(\'entry.js\')\n    .transform(sassolj, {\n      sass: {\n        sourceComments: false,\n        sourceMap: false,\n        sourceMapEmbed: false,\n        sourceMapContents: false,\n        outputStyle: \'compressed\'\n      },\n      postcss: false,\n      //you may specify what postcss plugins to use here\n      postcss: {\n        autoprefixer: {\n          browsers: [\'last 2 versions\'] //optional config, use an empty object for defualts\n        }\n      }\n      ,\n      rootDir: process.cwd()\n    })\n    .bundle()\n````\n\n## Node.js\n\nDuring the boot up process of your application, require `sassolj/lib/register` once;\n```\nvar options = {\n  sass: {\n    sourceMap: false,\n  },\n  variables: {\n    \'font_size\': \'14px\'\n  },\n  extensions: [\'.css\' \'.sass\', \'.scss\']\n}\nrequire(\'sassolj/register\')(options);\n```\nAfter this point, all sass files is requireable.\n\n### variables\nExtra variables which overwrite !default vars.\n\nType: `Object` | `string`\nDefault: ``\nYou can use absolute and relative string path to sass/scss config file\n\n### options\nnode-sass options\n\nType: `Object`\nDefault: `{\n  sourceMap: false,\n  sourceMapEmbed: false,\n  sourceMapContents: false,\n  outputStyle: "compressed"\n}`\n\n### extensions\nWhich extensions register to ```require.extensions```\n\nType: `Array`\nDefault: `[\'.sass\', \'.scss\']`\n\n#Development\n\n  1. Clone the repo\n  2. `npm install`\n  3. `npm run dev`\n\nThis project uses TypeScript to transpile to ES5.\n\n# License\n\n[MIT](/LICENSE)\n',
18 silly publish   gitHead: 'bf88f27c8d608de0c49a2b9c0e84aa2aa0959367',
18 silly publish   _id: 'sassolj@2.0.1',
18 silly publish   _shasum: '69f2be97b1eb94bb1d15ef41c1a1cb349751251f',
18 silly publish   _from: '.' }
19 verbose getPublishConfig undefined
20 silly mapToRegistry name sassolj
21 silly mapToRegistry using default registry
22 silly mapToRegistry registry https://registry.npmjs.org/
23 silly mapToRegistry uri https://registry.npmjs.org/sassolj
24 verbose publish registryBase https://registry.npmjs.org/
25 silly publish uploading /home/tonyo/.npm/sassolj/2.0.1/package.tgz
26 verbose request uri https://registry.npmjs.org/sassolj
27 verbose request sending authorization for write operation
28 info attempt registry request try #1 at 11:00:23 AM
29 verbose request using bearer token for auth
30 verbose request id 7cd6ae1618b031c0
31 http request PUT https://registry.npmjs.org/sassolj
32 http 403 https://registry.npmjs.org/sassolj
33 verbose headers { 'content-type': 'application/json',
33 verbose headers   'cache-control': 'max-age=60',
33 verbose headers   'content-length': '95',
33 verbose headers   'accept-ranges': 'bytes',
33 verbose headers   date: 'Tue, 01 Dec 2015 09:59:45 GMT',
33 verbose headers   via: '1.1 varnish',
33 verbose headers   connection: 'keep-alive',
33 verbose headers   'x-served-by': 'cache-ams4121-AMS',
33 verbose headers   'x-cache': 'MISS',
33 verbose headers   'x-cache-hits': '0',
33 verbose headers   'x-timer': 'S1448963984.580193,VS0,VE1202' }
34 verbose request invalidating /home/tonyo/.npm/registry.npmjs.org/sassolj on PUT
35 error publish Failed PUT 403
36 verbose stack Error: "You cannot publish over the previously published version 2.0.1." : sassolj
36 verbose stack     at makeError (/home/tonyo/.n/lib/node_modules/npm/node_modules/npm-registry-client/lib/request.js:264:12)
36 verbose stack     at CachingRegistryClient.<anonymous> (/home/tonyo/.n/lib/node_modules/npm/node_modules/npm-registry-client/lib/request.js:252:14)
36 verbose stack     at Request._callback (/home/tonyo/.n/lib/node_modules/npm/node_modules/npm-registry-client/lib/request.js:172:14)
36 verbose stack     at Request.self.callback (/home/tonyo/.n/lib/node_modules/npm/node_modules/request/request.js:198:22)
36 verbose stack     at emitTwo (events.js:87:13)
36 verbose stack     at Request.emit (events.js:172:7)
36 verbose stack     at Request.<anonymous> (/home/tonyo/.n/lib/node_modules/npm/node_modules/request/request.js:1063:14)
36 verbose stack     at emitOne (events.js:82:20)
36 verbose stack     at Request.emit (events.js:169:7)
36 verbose stack     at IncomingMessage.<anonymous> (/home/tonyo/.n/lib/node_modules/npm/node_modules/request/request.js:1009:12)
37 verbose statusCode 403
38 verbose pkgid sassolj
39 verbose cwd /home/tonyo/Github/sassolj
40 error Linux 3.13.0-37-generic
41 error argv "/home/tonyo/.n/bin/node" "/home/tonyo/.n/bin/npm" "publish"
42 error node v4.2.2
43 error npm  v2.14.7
44 error code E403
45 error "You cannot publish over the previously published version 2.0.1." : sassolj
46 error If you need help, you may report this error at:
46 error     <https://github.com/npm/npm/issues>
47 verbose exit [ 1, true ]
